Arguments: 
  /home/grzegorz/.nvm/versions/node/v19.3.0/bin/node /usr/local/bin/yarn

PATH: 
  /home/grzegorz/.nvm/versions/node/v19.3.0/bin:/usr/local/sbin:/usr/local/bin:/usr/sbin:/usr/bin:/sbin:/bin:/usr/games:/usr/local/games:/snap/bin:/snap/bin

Yarn version: 
  1.22.19

Node version: 
  19.3.0

Platform: 
  linux x64

Trace: 
  SyntaxError: /home/grzegorz/code/pureBaldr/layoutComponents/package.json: Expected double-quoted property name in JSON at position 446
      at JSON.parse (<anonymous>)
      at /usr/local/lib/node_modules/yarn/lib/cli.js:1629:59
      at Generator.next (<anonymous>)
      at step (/usr/local/lib/node_modules/yarn/lib/cli.js:310:30)
      at /usr/local/lib/node_modules/yarn/lib/cli.js:321:13

npm manifest: 
  {
    "name": "@dadmor/pure-baldr-layoyt-components",
    "version": "0.0.5",
    "description": "Taiwind UiKit layout components",
    "license": "MIT",
    "repository": "pureBaldr/layoutComponents",
    "main": "index.ts",
    "keywords": [
      "light",
      "less 1 kb",
      "npm",
      "package",
      "react",
      "uikit",
      "tailwind",
      "typescript",
      "layout components"
    ],
    "devDependencies": {
      "@dadmor/pure-baldr-core": "^0.0.5",
      
    }
  }

yarn manifest: 
  No manifest

Lockfile: 
  # THIS IS AN AUTOGENERATED FILE. DO NOT EDIT THIS FILE DIRECTLY.
  # yarn lockfile v1
  
  
  "@dadmor/pure-baldr-core@^0.0.5":
    version "0.0.5"
    resolved "https://registry.yarnpkg.com/@dadmor/pure-baldr-core/-/pure-baldr-core-0.0.5.tgz#f9c8020a7c9f87ea364ae42570360cf51db177e2"
    integrity sha512-tMF2cW6DD3fgaU+MZtu2NYmEJTVbxVcvy9UwBsD3z3Waxvk1Hv0UjiDxtW9TtHp3v+2cj+FgfbkwVcNAiMew7Q==
